0 info it worked if it ends with ok
1 verbose cli [ '/usr/bin/node', '/usr/bin/npm', 'run', 'lite' ]
2 info using npm@3.10.10
3 info using node@v6.13.1
4 verbose run-script [ 'prelite', 'lite', 'postlite' ]
5 info lifecycle angular2-demo@1.0.0~prelite: angular2-demo@1.0.0
6 silly lifecycle angular2-demo@1.0.0~prelite: no script for prelite, continuing
7 info lifecycle angular2-demo@1.0.0~lite: angular2-demo@1.0.0
8 verbose lifecycle angular2-demo@1.0.0~lite: unsafe-perm in lifecycle true
9 verbose lifecycle angular2-demo@1.0.0~lite: PATH: /usr/lib/node_modules/npm/bin/node-gyp-bin:/home/toha/PhpstormProjects/angular_example/angular2_example/node_modules/.bin:/usr/lib/node_modules/npm/bin/node-gyp-bin:/home/toha/PhpstormProjects/angular_example/angular2_example/node_modules/.bin:/home/toha/.local/share/umake/bin:/home/toha/bin:/home/toha/.local/bin:/home/toha/.local/share/umake/bin:/home/toha/bin:/home/toha/.local/bin:/usr/local/sbin:/usr/local/bin:/usr/sbin:/usr/bin:/sbin:/bin:/usr/games:/usr/local/games:/snap/bin:/usr/lib/jvm/java-8-oracle/bin:/usr/lib/jvm/java-8-oracle/db/bin:/usr/lib/jvm/java-8-oracle/jre/bin:/root/.composer/vendor/bin:/home/toha/.composer/vendor/bin:/snap/bin:/usr/lib/jvm/java-8-oracle/bin:/usr/lib/jvm/java-8-oracle/db/bin:/usr/lib/jvm/java-8-oracle/jre/bin:/root/.composer/vendor/bin:/home/toha/.composer/vendor/bin:/root/.composer/vendor/bin:/home/toha/.composer/vendor/bin
10 verbose lifecycle angular2-demo@1.0.0~lite: CWD: /home/toha/PhpstormProjects/angular_example/angular2_example
11 silly lifecycle angular2-demo@1.0.0~lite: Args: [ '-c', 'lite-server' ]
12 silly lifecycle angular2-demo@1.0.0~lite: Returned: code: 1  signal: null
13 info lifecycle angular2-demo@1.0.0~lite: Failed to exec lite script
14 verbose stack Error: angular2-demo@1.0.0 lite: `lite-server`
14 verbose stack Exit status 1
14 verbose stack     at EventEmitter.<anonymous> (/usr/lib/node_modules/npm/lib/utils/lifecycle.js:255:16)
14 verbose stack     at emitTwo (events.js:106:13)
14 verbose stack     at EventEmitter.emit (events.js:191:7)
14 verbose stack     at ChildProcess.<anonymous> (/usr/lib/node_modules/npm/lib/utils/spawn.js:40:14)
14 verbose stack     at emitTwo (events.js:106:13)
14 verbose stack     at ChildProcess.emit (events.js:191:7)
14 verbose stack     at maybeClose (internal/child_process.js:920:16)
14 verbose stack     at Process.ChildProcess._handle.onexit (internal/child_process.js:230:5)
15 verbose pkgid angular2-demo@1.0.0
16 verbose cwd /home/toha/PhpstormProjects/angular_example/angular2_example
17 error Linux 4.13.0-45-generic
18 error argv "/usr/bin/node" "/usr/bin/npm" "run" "lite"
19 error node v6.13.1
20 error npm  v3.10.10
21 error code ELIFECYCLE
22 error angular2-demo@1.0.0 lite: `lite-server`
22 error Exit status 1
23 error Failed at the angular2-demo@1.0.0 lite script 'lite-server'.
23 error Make sure you have the latest version of node.js and npm installed.
23 error If you do, this is most likely a problem with the angular2-demo package,
23 error not with npm itself.
23 error Tell the author that this fails on your system:
23 error     lite-server
23 error You can get information on how to open an issue for this project with:
23 error     npm bugs angular2-demo
23 error Or if that isn't available, you can get their info via:
23 error     npm owner ls angular2-demo
23 error There is likely additional logging output above.
24 verbose exit [ 1, true ]
